1: lo: <LOOPBACK,UP,LOWER_UP> mtu 65536 qdisc noqueue state UNKNOWN group default qlen 1000
    link/loopback 00:00:00:00:00:00 brd 00:00:00:00:00:00
    inet 127.0.0.1/8 scope host lo
       valid_lft forever preferred_lft forever
    RX: bytes  packets  errors  dropped overrun mcast   
    524k       2.04k    0       0       0       0       
    TX: bytes  packets  errors  dropped carrier collsns 
    524k       2.04k    0       0       0       0       
2: enp2s0: <NO-CARRIER,BROADCAST,MULTICAST,UP> mtu 1500 qdisc fq_codel state DOWN group default qlen 1000
    link/ether 90:2e:16:3e:34:35 brd ff:ff:ff:ff:ff:ff
    RX: bytes  packets  errors  dropped overrun mcast   
    0          0        0       0       0       0       
    TX: bytes  packets  errors  dropped carrier collsns 
    0          0        0       0       0       0       
3: wlp3s0: <BROADCAST,MULTICAST,UP,LOWER_UP> mtu 1500 qdisc noqueue state UP group default qlen 1000
    link/ether cc:6b:1e:17:77:01 brd ff:ff:ff:ff:ff:ff
    inet 192.168.178.184/24 brd 192.168.178.255 scope global dynamic noprefixroute wlp3s0
       valid_lft 862664sec preferred_lft 862664sec
    RX: bytes  packets  errors  dropped overrun mcast   
    50.8M      50.7k    0       2.95k   0       0       
    TX: bytes  packets  errors  dropped carrier collsns 
    4.51M      17.1k    0       0       0       0       
4: br-1ffc352192e3: <NO-CARRIER,BROADCAST,MULTICAST,UP> mtu 1500 qdisc noqueue state DOWN group default 
    link/ether 02:42:a0:4d:36:ac brd ff:ff:ff:ff:ff:ff
    inet 172.21.0.1/16 brd 172.21.255.255 scope global br-1ffc352192e3
       valid_lft forever preferred_lft forever
    RX: bytes  packets  errors  dropped overrun mcast   
    0          0        0       0       0       0       
    TX: bytes  packets  errors  dropped carrier collsns 
    0          0        0       0       0       0       
5: docker0: <NO-CARRIER,BROADCAST,MULTICAST,UP> mtu 1500 qdisc noqueue state DOWN group default 
    link/ether 02:42:c7:01:bd:fc brd ff:ff:ff:ff:ff:ff
    inet 172.17.0.1/16 brd 172.17.255.255 scope global docker0
       valid_lft forever preferred_lft forever
    RX: bytes  packets  errors  dropped overrun mcast   
    0          0        0       0       0       0       
    TX: bytes  packets  errors  dropped carrier collsns 
    0          0        0       0       0       0       
6: tun0: <POINTOPOINT,MULTICAST,NOARP,UP,LOWER_UP> mtu 1500 qdisc fq_codel state UNKNOWN group default qlen 500
    link/none 
    inet 10.8.2.4/24 scope global tun0
       valid_lft forever preferred_lft forever
    RX: bytes  packets  errors  dropped overrun mcast   
    8.45M      7.16k    0       0       0       0       
    TX: bytes  packets  errors  dropped carrier collsns 
    366k       4.43k    0       0       0       0       
